<?xml version="1.0" encoding="UTF-8"?>
<testng-results skipped="0" failed="0" total="1" passed="1">
  <reporter-output>
  </reporter-output>
  <suite name="test run" duration-ms="8829" started-at="2016-04-08T15:48:17Z" finished-at="2016-04-08T15:48:26Z">
    <groups>
    </groups>
    <test name="Simple Test" duration-ms="8829" started-at="2016-04-08T15:48:17Z" finished-at="2016-04-08T15:48:26Z">
      <class name="Tests.LoginPageTest">
        <test-method status="PASS" signature="setUp()[pri:0, instance:Tests.LoginPageTest@68f92ae2]" name="setUp" is-config="true" duration-ms="5123" started-at="2016-04-08T11:48:17Z" finished-at="2016-04-08T11:48:22Z">
          <reporter-output>
          </reporter-output>
        </test-method> <!-- setUp -->
        <test-method status="PASS" signature="testLoginInAdmin()[pri:0, instance:Tests.LoginPageTest@68f92ae2]" name="testLoginInAdmin" duration-ms="2802" started-at="2016-04-08T11:48:22Z" finished-at="2016-04-08T11:48:25Z">
          <reporter-output>
          </reporter-output>
        </test-method> <!-- testLoginInAdmin -->
        <test-method status="PASS" signature="tearDown()[pri:0, instance:Tests.LoginPageTest@68f92ae2]" name="tearDown" is-config="true" duration-ms="888" started-at="2016-04-08T11:48:25Z" finished-at="2016-04-08T11:48:26Z">
          <reporter-output>
          </reporter-output>
        </test-method> <!-- tearDown -->
      </class> <!-- Tests.LoginPageTest -->
    </test> <!-- Simple Test -->
  </suite> <!-- test run -->
</testng-results>
