<?xml version="1.0" encoding="UTF-8"?>
<testng-results skipped="0" failed="0" total="1" passed="1">
  <reporter-output>
  </reporter-output>
  <suite name="test run" duration-ms="7985" started-at="2016-04-08T13:24:24Z" finished-at="2016-04-08T13:24:32Z">
    <groups>
    </groups>
    <test name="Simple Test" duration-ms="7985" started-at="2016-04-08T13:24:24Z" finished-at="2016-04-08T13:24:32Z">
      <class name="Tests.LoginPageTest">
        <test-method status="PASS" signature="setUp()[pri:0, instance:Tests.LoginPageTest@2a06cd3b]" name="setUp" is-config="true" duration-ms="4164" started-at="2016-04-08T09:24:24Z" finished-at="2016-04-08T09:24:28Z">
          <reporter-output>
          </reporter-output>
        </test-method> <!-- setUp -->
        <test-method status="PASS" signature="testLoginInAdmin()[pri:0, instance:Tests.LoginPageTest@2a06cd3b]" name="testLoginInAdmin" duration-ms="3253" started-at="2016-04-08T09:24:28Z" finished-at="2016-04-08T09:24:31Z">
          <reporter-output>
          </reporter-output>
        </test-method> <!-- testLoginInAdmin -->
        <test-method status="PASS" signature="tearDown()[pri:0, instance:Tests.LoginPageTest@2a06cd3b]" name="tearDown" is-config="true" duration-ms="535" started-at="2016-04-08T09:24:31Z" finished-at="2016-04-08T09:24:32Z">
          <reporter-output>
          </reporter-output>
        </test-method> <!-- tearDown -->
      </class> <!-- Tests.LoginPageTest -->
    </test> <!-- Simple Test -->
  </suite> <!-- test run -->
</testng-results>
